#
# A fatal error has been detected by the Java Runtime Environment:
#
#  SIGSEGV (0xb) at pc=0x00007fb774b88116, pid=13863, tid=0x00007fb73037f700
#
# JRE version: OpenJDK Runtime Environment (8.0_151-b12) (build 1.8.0_151-8u151-b12-0ubuntu0.16.04.2-b12)
# Java VM: OpenJDK 64-Bit Server VM (25.151-b12 mixed mode linux-amd64 compressed oops)
# Problematic frame:
# C  [libc.so.6+0x14e116]
#
# Failed to write core dump. Core dumps have been disabled. To enable core dumping, try "ulimit -c unlimited" before starting Java again
#
# If you would like to submit a bug report, please visit:
#   http://bugreport.java.com/bugreport/crash.jsp
# The crash happened outside the Java Virtual Machine in native code.
# See problematic frame for where to report the bug.
#

---------------  T H R E A D  ---------------

Current thread (0x00007fb6d8001000):  JavaThread "qtp1290431392-24" [_thread_in_native, id=13902, stack(0x00007fb73027f000,0x00007fb730380000)]

siginfo: si_signo: 11 (SIGSEGV), si_code: 2 (SEGV_ACCERR), si_addr: 0x00007fb73c037000

Registers:
RAX=0x00007fb6cc002310, RBX=0x00007fb6dc049850, RCX=0x000000000000a106, RDX=0x000000000000ac00
RSP=0x00007fb73037c7a8, RBP=0x00007fb73037c820, RSI=0x00007fb73c037000, RDI=0x00007fb6cc002e0a
R8 =0x00007fb6cc000098, R9 =0x0000000000000000, R10=0x00007fb6cc000078, R11=0x00007fb6cc000078
R12=0x0000000000000001, R13=0x000000000000ac00, R14=0x00007fb73c0364d8, R15=0x00007fb6cc000e10
RIP=0x00007fb774b88116, EFLAGS=0x0000000000010287, CSGSFS=0x0000000000000033, ERR=0x0000000000000004
  TRAPNO=0x000000000000000e

Top of Stack: (sp=0x00007fb73037c7a8)
0x00007fb73037c7a8:   00007fb771b93f94 00007fb73037c8de
0x00007fb73037c7b8:   00007fb6cc000ad0 0000000000000000
0x00007fb73037c7c8:   0000000000000000 0000000000012915
0x00007fb73037c7d8:   000000000000ac00 0000000000001800
0x00007fb73037c7e8:   00000000d1ab7a4c 0000000000000018
0x00007fb73037c7f8:   00007fb6dc049a20 00000000c2c87627
0x00007fb73037c808:   00007fb73037c8a7 0000000000000000
0x00007fb73037c818:   00007fb6dc049850 00007fb73037c870
0x00007fb73037c828:   00007fb771b94c84 00007fb73037c890
0x00007fb73037c838:   0000001800603700 00007fb73037c870
0x00007fb73037c848:   0000000000000018 00007fb6d80011e0
0x00007fb73037c858:   000000076f9bfaa0 00007fb73037cce8
0x00007fb73037c868:   00007fb6dc049850 00007fb73037ccd0
0x00007fb73037c878:   00007fb771b92bec 00007fb73037c890
0x00007fb73037c888:   0000000000000001 6d6f726664616f6c
0x00007fb73037c898:   73616c432f72616a 7373616c632e3173
0x00007fb73037c8a8:   00007fb75d000400 00007fb75d0004e7
0x00007fb73037c8b8:   000000076fe19908 0000000000001fa0
0x00007fb73037c8c8:   00007fb75c062578 00007fb73037ca90
0x00007fb73037c8d8:   00007fb73037c9c0 00007fb6d8001000
0x00007fb73037c8e8:   00007fb6d8001000 00007fb73037c9c0
0x00007fb73037c8f8:   00007fb73037ca68 00007fb70000000a
0x00007fb73037c908:   00007fb75c062578 00007fb6d8001000
0x00007fb73037c918:   00007fb6d8001000 0000000000000002
0x00007fb73037c928:   00007fb73037ca60 00007fb73037ca40
0x00007fb73037c938:   00007fb773b23bb7 00007fb70000000a
0x00007fb73037c948:   00007fb75c062578 00007fb73037c980
0x00007fb73037c958:   00007fb60000000a 00007fb75d0453e0
0x00007fb73037c968:   00007fb70000000e 0000000000000000
0x00007fb73037c978:   00007fb73037ca60 00007fb6d8001000
0x00007fb73037c988:   00007fb6d8001760 00007fb6d80017a0
0x00007fb73037c998:   00007fb6d8001000 00007fb73037ca20 

Instructions: (pc=0x00007fb774b88116)
0x00007fb774b880f6:   89 c0 c3 0f 1f 80 00 00 00 00 48 8b 0d d1 60 27
0x00007fb774b88106:   00 48 c1 e1 03 48 39 ca 73 10 48 89 d1 48 89 d1
0x00007fb774b88116:   f3 a4 c3 0f 1f 80 00 00 00 00 48 8d 0c 16 c5 fe
0x00007fb774b88126:   6f 26 c5 fa 6f 6c 16 80 c5 fa 6f 71 90 c5 fa 6f 

Register to memory mapping:

RAX=0x00007fb6cc002310 is an unknown value
RBX=0x00007fb6dc049850 is an unknown value
RCX=0x000000000000a106 is an unknown value
RDX=0x000000000000ac00 is an unknown value
RSP=0x00007fb73037c7a8 is pointing into the stack for thread: 0x00007fb6d8001000
RBP=0x00007fb73037c820 is pointing into the stack for thread: 0x00007fb6d8001000
RSI=0x00007fb73c037000 is an unknown value
RDI=0x00007fb6cc002e0a is an unknown value
R8 =0x00007fb6cc000098 is an unknown value
R9 =0x0000000000000000 is an unknown value
R10=0x00007fb6cc000078 is an unknown value
R11=0x00007fb6cc000078 is an unknown value
R12=0x0000000000000001 is an unknown value
R13=0x000000000000ac00 is an unknown value
R14=0x00007fb73c0364d8 is an unknown value
R15=0x00007fb6cc000e10 is an unknown value


Stack: [0x00007fb73027f000,0x00007fb730380000],  sp=0x00007fb73037c7a8,  free space=1013k
Native frames: (J=compiled Java code, j=interpreted, Vv=VM code, C=native code)
C  [libc.so.6+0x14e116]
C  [libzip.so+0x5c84]
C  [libzip.so+0x3bec]  Java_java_util_zip_ZipFile_getEntry+0xfc
J 64  java.util.zip.ZipFile.getEntry(J[BZ)J (0 bytes) @ 0x00007fb75d12b08e [0x00007fb75d12afc0+0xce]
J 420 C1 java.util.zip.ZipFile.getInputStream(Ljava/util/zip/ZipEntry;)Ljava/io/InputStream; (304 bytes) @ 0x00007fb75d20250c [0x00007fb75d202180+0x38c]
J 720 C1 java.util.jar.JarFile.getInputStream(Ljava/util/zip/ZipEntry;)Ljava/io/InputStream; (89 bytes) @ 0x00007fb75d2c9cf4 [0x00007fb75d2c9420+0x8d4]
j  sun.net.www.protocol.jar.JarURLConnection.getInputStream()Ljava/io/InputStream;+88
j  sun.misc.URLClassPath$Loader$1.getInputStream()Ljava/io/InputStream;+4
J 688 C1 java.net.URLClassLoader.defineClass(Ljava/lang/String;Lsun/misc/Resource;)Ljava/lang/Class; (142 bytes) @ 0x00007fb75d2b40f4 [0x00007fb75d2b3980+0x774]
J 404 C1 java.net.URLClassLoader$1.run()Ljava/lang/Class; (63 bytes) @ 0x00007fb75d1f8a34 [0x00007fb75d1f8760+0x2d4]
J 403 C1 java.net.URLClassLoader$1.run()Ljava/lang/Object; (5 bytes) @ 0x00007fb75d1f83cc [0x00007fb75d1f8340+0x8c]
v  ~StubRoutines::call_stub
V  [libjvm.so+0x66287b]
V  [libjvm.so+0x6b3639]  JVM_DoPrivileged+0x429
J 156  java.security.AccessController.doPrivileged(Ljava/security/PrivilegedExceptionAction;Ljava/security/AccessControlContext;)Ljava/lang/Object; (0 bytes) @ 0x00007fb75d155915 [0x00007fb75d155840+0xd5]
J 366 C1 java.net.URLClassLoader.findClass(Ljava/lang/String;)Ljava/lang/Class; (47 bytes) @ 0x00007fb75d1be654 [0x00007fb75d1be4c0+0x194]
J 157 C1 java.lang.ClassLoader.loadClass(Ljava/lang/String;Z)Ljava/lang/Class; (122 bytes) @ 0x00007fb75d156e64 [0x00007fb75d156500+0x964]
j  java.net.FactoryURLClassLoader.loadClass(Ljava/lang/String;Z)Ljava/lang/Class;+36
J 339 C1 java.lang.ClassLoader.loadClass(Ljava/lang/String;)Ljava/lang/Class; (7 bytes) @ 0x00007fb75d1b0984 [0x00007fb75d1b0880+0x104]
j  server.DynamicRouteLoader$TestClassLoader.loadCustomClass(Ljava/lang/String;)Ljava/lang/Class;+213
j  server.DynamicRouteLoader.CustomLoader(Ljava/lang/String;)Ljava/lang/Class;+10
j  server.Main.lambda$11(Lspark/Request;Lspark/Response;)Ljava/lang/Object;+3
j  server.Main$$Lambda$12.handle(Lspark/Request;Lspark/Response;)Ljava/lang/Object;+2
j  spark.RouteImpl$1.handle(Lspark/Request;Lspark/Response;)Ljava/lang/Object;+6
j  spark.http.matching.Routes.execute(Lspark/http/matching/RouteContext;)V+171
j  spark.http.matching.MatcherFilter.doFilter(Ljavax/servlet/ServletRequest;Ljavax/servlet/ServletResponse;Ljavax/servlet/FilterChain;)V+154
j  spark.embeddedserver.jetty.JettyHandler.doHandle(Ljava/lang/String;Lorg/eclipse/jetty/server/Request;Ljavax/servlet/http/HttpServletRequest;Ljavax/servlet/http/HttpServletResponse;)V+19
j  org.eclipse.jetty.server.session.SessionHandler.doScope(Ljava/lang/String;Lorg/eclipse/jetty/server/Request;Ljavax/servlet/http/HttpServletRequest;Ljavax/servlet/http/HttpServletResponse;)V+291
j  org.eclipse.jetty.server.handler.ScopedHandler.handle(Ljava/lang/String;Lorg/eclipse/jetty/server/Request;Ljavax/servlet/http/HttpServletRequest;Ljavax/servlet/http/HttpServletResponse;)V+20
j  org.eclipse.jetty.server.handler.HandlerWrapper.handle(Ljava/lang/String;Lorg/eclipse/jetty/server/Request;Ljavax/servlet/http/HttpServletRequest;Ljavax/servlet/http/HttpServletResponse;)V+18
j  org.eclipse.jetty.server.Server.handle(Lorg/eclipse/jetty/server/HttpChannel;)V+179
j  org.eclipse.jetty.server.HttpChannel.handle()Z+290
j  org.eclipse.jetty.server.HttpConnection.onFillable()V+115
j  org.eclipse.jetty.io.AbstractConnection$ReadCallback.succeeded()V+4
j  org.eclipse.jetty.io.FillInterest.fillable()V+61
j  org.eclipse.jetty.io.ssl.SslConnection.onFillable()V+51
j  org.eclipse.jetty.io.AbstractConnection$ReadCallback.succeeded()V+4
j  org.eclipse.jetty.io.FillInterest.fillable()V+61
j  org.eclipse.jetty.io.SelectChannelEndPoint$2.run()V+7
j  org.eclipse.jetty.util.thread.strategy.ExecuteProduceConsume.produceAndRun()V+397
j  org.eclipse.jetty.util.thread.strategy.ExecuteProduceConsume.run()V+197
j  org.eclipse.jetty.util.thread.QueuedThreadPool.runJob(Ljava/lang/Runnable;)V+1
j  org.eclipse.jetty.util.thread.QueuedThreadPool$3.run()V+104
j  java.lang.Thread.run()V+11
v  ~StubRoutines::call_stub
V  [libjvm.so+0x66287b]
V  [libjvm.so+0x65fe54]
V  [libjvm.so+0x660437]
V  [libjvm.so+0x6a3694]
V  [libjvm.so+0xa0cba7]
V  [libjvm.so+0xa0d06c]
V  [libjvm.so+0x8b4032]
C  [libpthread.so.0+0x76ba]  start_thread+0xca

Java frames: (J=compiled Java code, j=interpreted, Vv=VM code)
J 64  java.util.zip.ZipFile.getEntry(J[BZ)J (0 bytes) @ 0x00007fb75d12b018 [0x00007fb75d12afc0+0x58]
J 420 C1 java.util.zip.ZipFile.getInputStream(Ljava/util/zip/ZipEntry;)Ljava/io/InputStream; (304 bytes) @ 0x00007fb75d20250c [0x00007fb75d202180+0x38c]
J 720 C1 java.util.jar.JarFile.getInputStream(Ljava/util/zip/ZipEntry;)Ljava/io/InputStream; (89 bytes) @ 0x00007fb75d2c9cf4 [0x00007fb75d2c9420+0x8d4]
j  sun.net.www.protocol.jar.JarURLConnection.getInputStream()Ljava/io/InputStream;+88
j  sun.misc.URLClassPath$Loader$1.getInputStream()Ljava/io/InputStream;+4
J 688 C1 java.net.URLClassLoader.defineClass(Ljava/lang/String;Lsun/misc/Resource;)Ljava/lang/Class; (142 bytes) @ 0x00007fb75d2b40f4 [0x00007fb75d2b3980+0x774]
J 404 C1 java.net.URLClassLoader$1.run()Ljava/lang/Class; (63 bytes) @ 0x00007fb75d1f8a34 [0x00007fb75d1f8760+0x2d4]
J 403 C1 java.net.URLClassLoader$1.run()Ljava/lang/Object; (5 bytes) @ 0x00007fb75d1f83cc [0x00007fb75d1f8340+0x8c]
v  ~StubRoutines::call_stub
J 156  java.security.AccessController.doPrivileged(Ljava/security/PrivilegedExceptionAction;Ljava/security/AccessControlContext;)Ljava/lang/Object; (0 bytes) @ 0x00007fb75d1558a3 [0x00007fb75d155840+0x63]
J 366 C1 java.net.URLClassLoader.findClass(Ljava/lang/String;)Ljava/lang/Class; (47 bytes) @ 0x00007fb75d1be654 [0x00007fb75d1be4c0+0x194]
J 157 C1 java.lang.ClassLoader.loadClass(Ljava/lang/String;Z)Ljava/lang/Class; (122 bytes) @ 0x00007fb75d156e64 [0x00007fb75d156500+0x964]
j  java.net.FactoryURLClassLoader.loadClass(Ljava/lang/String;Z)Ljava/lang/Class;+36
J 339 C1 java.lang.ClassLoader.loadClass(Ljava/lang/String;)Ljava/lang/Class; (7 bytes) @ 0x00007fb75d1b0984 [0x00007fb75d1b0880+0x104]
j  server.DynamicRouteLoader$TestClassLoader.loadCustomClass(Ljava/lang/String;)Ljava/lang/Class;+213
j  server.DynamicRouteLoader.CustomLoader(Ljava/lang/String;)Ljava/lang/Class;+10
j  server.Main.lambda$11(Lspark/Request;Lspark/Response;)Ljava/lang/Object;+3
j  server.Main$$Lambda$12.handle(Lspark/Request;Lspark/Response;)Ljava/lang/Object;+2
j  spark.RouteImpl$1.handle(Lspark/Request;Lspark/Response;)Ljava/lang/Object;+6
j  spark.http.matching.Routes.execute(Lspark/http/matching/RouteContext;)V+171
j  spark.http.matching.MatcherFilter.doFilter(Ljavax/servlet/ServletRequest;Ljavax/servlet/ServletResponse;Ljavax/servlet/FilterChain;)V+154
j  spark.embeddedserver.jetty.JettyHandler.doHandle(Ljava/lang/String;Lorg/eclipse/jetty/server/Request;Ljavax/servlet/http/HttpServletRequest;Ljavax/servlet/http/HttpServletResponse;)V+19
j  org.eclipse.jetty.server.session.SessionHandler.doScope(Ljava/lang/String;Lorg/eclipse/jetty/server/Request;Ljavax/servlet/http/HttpServletRequest;Ljavax/servlet/http/HttpServletResponse;)V+291
j  org.eclipse.jetty.server.handler.ScopedHandler.handle(Ljava/lang/String;Lorg/eclipse/jetty/server/Request;Ljavax/servlet/http/HttpServletRequest;Ljavax/servlet/http/HttpServletResponse;)V+20
j  org.eclipse.jetty.server.handler.HandlerWrapper.handle(Ljava/lang/String;Lorg/eclipse/jetty/server/Request;Ljavax/servlet/http/HttpServletRequest;Ljavax/servlet/http/HttpServletResponse;)V+18
j  org.eclipse.jetty.server.Server.handle(Lorg/eclipse/jetty/server/HttpChannel;)V+179
j  org.eclipse.jetty.server.HttpChannel.handle()Z+290
j  org.eclipse.jetty.server.HttpConnection.onFillable()V+115
j  org.eclipse.jetty.io.AbstractConnection$ReadCallback.succeeded()V+4
j  org.eclipse.jetty.io.FillInterest.fillable()V+61
j  org.eclipse.jetty.io.ssl.SslConnection.onFillable()V+51
j  org.eclipse.jetty.io.AbstractConnection$ReadCallback.succeeded()V+4
j  org.eclipse.jetty.io.FillInterest.fillable()V+61
j  org.eclipse.jetty.io.SelectChannelEndPoint$2.run()V+7
j  org.eclipse.jetty.util.thread.strategy.ExecuteProduceConsume.produceAndRun()V+397
j  org.eclipse.jetty.util.thread.strategy.ExecuteProduceConsume.run()V+197
j  org.eclipse.jetty.util.thread.QueuedThreadPool.runJob(Ljava/lang/Runnable;)V+1
j  org.eclipse.jetty.util.thread.QueuedThreadPool$3.run()V+104
j  java.lang.Thread.run()V+11
v  ~StubRoutines::call_stub

---------------  P R O C E S S  ---------------

Java Threads: ( => current thread )
=>0x00007fb6d8001000 JavaThread "qtp1290431392-24" [_thread_in_native, id=13902, stack(0x00007fb73027f000,0x00007fb730380000)]
  0x00007fb6fc004000 JavaThread "Scheduler-1842143342" [_thread_blocked, id=13898, stack(0x00007fb73c138000,0x00007fb73c239000)]
  0x00007fb7080d4000 JavaThread "org.eclipse.jetty.server.session.HashSessionManager@1ec87fecTimer" daemon [_thread_blocked, id=13897, stack(0x00007fb73c669000,0x00007fb73c76a000)]
  0x00007fb7080ca800 JavaThread "qtp1290431392-20" [_thread_in_native, id=13896, stack(0x00007fb73c76f000,0x00007fb73c870000)]
  0x00007fb7080c9000 JavaThread "qtp1290431392-19" [_thread_blocked, id=13895, stack(0x00007fb73c870000,0x00007fb73c971000)]
  0x00007fb7080c7000 JavaThread "qtp1290431392-18" [_thread_blocked, id=13894, stack(0x00007fb73c971000,0x00007fb73ca72000)]
  0x00007fb7080c5800 JavaThread "qtp1290431392-17-acceptor-0@41b4c99c-ServerConnector@6e5262d7{SSL,[ssl, http/1.1]}{0.0.0.0:4567}" [_thread_in_native, id=13893, stack(0x00007fb73ca72000,0x00007fb73cb73000)]
  0x00007fb7080c3800 JavaThread "qtp1290431392-16" [_thread_in_native, id=13892, stack(0x00007fb73cb73000,0x00007fb73cc74000)]
  0x00007fb7080c2000 JavaThread "qtp1290431392-15" [_thread_in_native, id=13891, stack(0x00007fb73cc74000,0x00007fb73cd75000)]
  0x00007fb7080c1000 JavaThread "qtp1290431392-14" [_thread_blocked, id=13890, stack(0x00007fb73cd75000,0x00007fb73ce76000)]
  0x00007fb7080be000 JavaThread "qtp1290431392-13" [_thread_in_native, id=13889, stack(0x00007fb73ce76000,0x00007fb73cf77000)]
  0x00007fb76c00b800 JavaThread "DestroyJavaVM" [_thread_blocked, id=13868, stack(0x00007fb77510b000,0x00007fb77520c000)]
  0x00007fb76c364000 JavaThread "Thread-0" [_thread_blocked, id=13887, stack(0x00007fb73d5ac000,0x00007fb73d6ad000)]
  0x00007fb76c0ce000 JavaThread "Service Thread" daemon [_thread_blocked, id=13885, stack(0x00007fb73d81c000,0x00007fb73d91d000)]
  0x00007fb76c0c1000 JavaThread "C1 CompilerThread3" daemon [_thread_blocked, id=13884, stack(0x00007fb73d91d000,0x00007fb73da1e000)]
  0x00007fb76c0bc800 JavaThread "C2 CompilerThread2" daemon [_thread_blocked, id=13883, stack(0x00007fb73da1e000,0x00007fb73db1f000)]
  0x00007fb76c0ba800 JavaThread "C2 CompilerThread1" daemon [_thread_blocked, id=13882, stack(0x00007fb73db1f000,0x00007fb73dc20000)]
  0x00007fb76c0b8000 JavaThread "C2 CompilerThread0" daemon [_thread_blocked, id=13881, stack(0x00007fb73dc20000,0x00007fb73dd21000)]
  0x00007fb76c0b5800 JavaThread "Signal Dispatcher" daemon [_thread_blocked, id=13880, stack(0x00007fb73dd21000,0x00007fb73de22000)]
  0x00007fb76c08d000 JavaThread "Finalizer" daemon [_thread_blocked, id=13879, stack(0x00007fb73e0fb000,0x00007fb73e1fc000)]
  0x00007fb76c088800 JavaThread "Reference Handler" daemon [_thread_blocked, id=13878, stack(0x00007fb73e1fc000,0x00007fb73e2fd000)]

Other Threads:
  0x00007fb76c081000 VMThread [stack: 0x00007fb73e2fd000,0x00007fb73e3fe000] [id=13877]
  0x00007fb76c0d0800 WatcherThread [stack: 0x00007fb73d71b000,0x00007fb73d81c000] [id=13886]

VM state:not at safepoint (normal execution)

VM Mutex/Monitor currently owned by a thread: None

Heap:
 PSYoungGen      total 74752K, used 50327K [0x000000076d000000, 0x0000000772300000, 0x00000007c0000000)
  eden space 64512K, 78% used [0x000000076d000000,0x0000000770125f80,0x0000000770f00000)
  from space 10240K, 0% used [0x0000000771900000,0x0000000771900000,0x0000000772300000)
  to   space 10240K, 0% used [0x0000000770f00000,0x0000000770f00000,0x0000000771900000)
 ParOldGen       total 171008K, used 0K [0x00000006c7000000, 0x00000006d1700000, 0x000000076d000000)
  object space 171008K, 0% used [0x00000006c7000000,0x00000006c7000000,0x00000006d1700000)
 Metaspace       used 11811K, capacity 12056K, committed 12416K, reserved 1060864K
  class space    used 1308K, capacity 1401K, committed 1408K, reserved 1048576K

Card table byte_map: [0x00007fb771006000,0x00007fb7717cf000] byte_map_base: 0x00007fb76d9ce000

Marking Bits: (ParMarkBitMap*) 0x00007fb7743e22c0
 Begin Bits: [0x00007fb730380000, 0x00007fb7341c0000)
 End Bits:   [0x00007fb7341c0000, 0x00007fb738000000)

Polling page: 0x00007fb775235000

CodeCache: size=245760Kb used=4269Kb max_used=4269Kb free=241490Kb
 bounds [0x00007fb75d000000, 0x00007fb75d430000, 0x00007fb76c000000]
 total_blobs=1530 nmethods=1151 adapters=294
 compilation: enabled

Compilation events (10 events):
Event: 27,931 Thread 0x00007fb76c0c1000 nmethod 1146 0x00007fb75d428350 code [0x00007fb75d4284c0, 0x00007fb75d428690]
Event: 27,931 Thread 0x00007fb76c0c1000 1144       3       org.eclipse.jetty.io.ssl.SslConnection$DecryptedEndPoint::isOutputShutdown (34 bytes)
Event: 27,931 Thread 0x00007fb76c0c1000 nmethod 1144 0x00007fb75d427c10 code [0x00007fb75d427da0, 0x00007fb75d4281d8]
Event: 27,932 Thread 0x00007fb76c0c1000 1145       3       org.eclipse.jetty.io.ssl.SslConnection$DecryptedEndPoint::toString (36 bytes)
Event: 27,932 Thread 0x00007fb76c0c1000 nmethod 1145 0x00007fb75d426cd0 code [0x00007fb75d426ee0, 0x00007fb75d427898]
Event: 27,932 Thread 0x00007fb76c0c1000 1147       3       java.nio.ByteBuffer::<init> (45 bytes)
Event: 27,932 Thread 0x00007fb76c0c1000 nmethod 1147 0x00007fb75d426810 code [0x00007fb75d426980, 0x00007fb75d426bc8]
Event: 27,932 Thread 0x00007fb76c0c1000 1148       3       org.eclipse.jetty.server.HttpChannel::toString (71 bytes)
Event: 27,934 Thread 0x00007fb76c0c1000 nmethod 1148 0x00007fb75d423f10 code [0x00007fb75d424200, 0x00007fb75d425c18]
Event: 27,934 Thread 0x00007fb76c0c1000 1151       3       java.util.ArrayList::subList (22 bytes)

GC Heap History (0 events):
No events

Deoptimization events (10 events):
Event: 2,510 Thread 0x00007fb7080ca800 Uncommon trap: reason=class_check action=maybe_recompile pc=0x00007fb75d1da4c4 method=sun.misc.URLClassPath.getLoader(I)Lsun/misc/URLClassPath$Loader; @ 94
Event: 2,514 Thread 0x00007fb7080ca800 Uncommon trap: reason=class_check action=maybe_recompile pc=0x00007fb75d284014 method=java.util.regex.Matcher.search(I)Z @ 86
Event: 2,514 Thread 0x00007fb7080ca800 Uncommon trap: reason=class_check action=maybe_recompile pc=0x00007fb75d37b9d4 method=java.lang.AbstractStringBuilder.append(Ljava/lang/CharSequence;)Ljava/lang/AbstractStringBuilder; @ 10
Event: 2,514 Thread 0x00007fb7080ca800 Uncommon trap: reason=class_check action=maybe_recompile pc=0x00007fb75d284014 method=java.util.regex.Matcher.search(I)Z @ 86
Event: 2,514 Thread 0x00007fb7080ca800 Uncommon trap: reason=class_check action=maybe_recompile pc=0x00007fb75d284014 method=java.util.regex.Matcher.search(I)Z @ 86
Event: 2,514 Thread 0x00007fb7080ca800 Uncommon trap: reason=class_check action=maybe_recompile pc=0x00007fb75d37b9d4 method=java.lang.AbstractStringBuilder.append(Ljava/lang/CharSequence;)Ljava/lang/AbstractStringBuilder; @ 10
Event: 2,514 Thread 0x00007fb7080ca800 Uncommon trap: reason=class_check action=maybe_recompile pc=0x00007fb75d284014 method=java.util.regex.Matcher.search(I)Z @ 86
Event: 2,514 Thread 0x00007fb7080ca800 Uncommon trap: reason=class_check action=maybe_recompile pc=0x00007fb75d37b9d4 method=java.lang.AbstractStringBuilder.append(Ljava/lang/CharSequence;)Ljava/lang/AbstractStringBuilder; @ 10
Event: 2,514 Thread 0x00007fb7080ca800 Uncommon trap: reason=class_check action=maybe_recompile pc=0x00007fb75d37b9d4 method=java.lang.AbstractStringBuilder.append(Ljava/lang/CharSequence;)Ljava/lang/AbstractStringBuilder; @ 10
Event: 27,934 Thread 0x00007fb6d8001000 Uncommon trap: reason=class_check action=maybe_recompile pc=0x00007fb75d1da4c4 method=sun.misc.URLClassPath.getLoader(I)Lsun/misc/URLClassPath$Loader; @ 94

Internal exceptions (10 events):
Event: 0,014 Thread 0x00007fb76c00b800 Exception <a 'java/lang/NoSuchMethodError': Method sun.misc.Unsafe.prefetchRead(Ljava/lang/Object;J)V name or signature does not match> (0x000000076d007f90) thrown at [/build/openjdk-8-W2Qe27/openjdk-8-8u151-b12/src/hotspot/src/share/vm/prims/jni.cpp, lin
Event: 0,066 Thread 0x00007fb76c00b800 Exception <a 'java/security/PrivilegedActionException'> (0x000000076d2ae550) thrown at [/build/openjdk-8-W2Qe27/openjdk-8-8u151-b12/src/hotspot/src/share/vm/prims/jvm.cpp, line 1390]
Event: 0,066 Thread 0x00007fb76c00b800 Exception <a 'java/security/PrivilegedActionException'> (0x000000076d2ae760) thrown at [/build/openjdk-8-W2Qe27/openjdk-8-8u151-b12/src/hotspot/src/share/vm/prims/jvm.cpp, line 1390]
Event: 0,066 Thread 0x00007fb76c00b800 Exception <a 'java/security/PrivilegedActionException'> (0x000000076d2b07e8) thrown at [/build/openjdk-8-W2Qe27/openjdk-8-8u151-b12/src/hotspot/src/share/vm/prims/jvm.cpp, line 1390]
Event: 0,066 Thread 0x00007fb76c00b800 Exception <a 'java/security/PrivilegedActionException'> (0x000000076d2b09f8) thrown at [/build/openjdk-8-W2Qe27/openjdk-8-8u151-b12/src/hotspot/src/share/vm/prims/jvm.cpp, line 1390]
Event: 0,066 Thread 0x00007fb76c00b800 Exception <a 'java/security/PrivilegedActionException'> (0x000000076d2b14d0) thrown at [/build/openjdk-8-W2Qe27/openjdk-8-8u151-b12/src/hotspot/src/share/vm/prims/jvm.cpp, line 1390]
Event: 0,066 Thread 0x00007fb76c00b800 Exception <a 'java/security/PrivilegedActionException'> (0x000000076d2b16e0) thrown at [/build/openjdk-8-W2Qe27/openjdk-8-8u151-b12/src/hotspot/src/share/vm/prims/jvm.cpp, line 1390]
Event: 0,115 Thread 0x00007fb76c00b800 Exception <a 'java/lang/NoSuchFieldError': method resolution failed> (0x000000076d55f920) thrown at [/build/openjdk-8-W2Qe27/openjdk-8-8u151-b12/src/hotspot/src/share/vm/prims/methodHandles.cpp, line 1146]
Event: 0,116 Thread 0x00007fb76c00b800 Exception <a 'java/lang/NoSuchFieldError': method resolution failed> (0x000000076d56cca0) thrown at [/build/openjdk-8-W2Qe27/openjdk-8-8u151-b12/src/hotspot/src/share/vm/prims/methodHandles.cpp, line 1146]
Event: 2,437 Thread 0x00007fb7080c7000 Implicit null exception at 0x00007fb75d35d348 to 0x00007fb75d35d8a3

Events (10 events):
Event: 7,491 Executing VM operation: RevokeBias done
Event: 7,491 Executing VM operation: RevokeBias
Event: 7,491 Executing VM operation: RevokeBias done
Event: 27,934 loading class loadfromjar/Class1
Event: 27,934 loading class loadfromjar/Class1 done
Event: 27,934 Thread 0x00007fb6d8001000 Uncommon trap: trap_request=0xffffffde fr.pc=0x00007fb75d1da4c4
Event: 27,934 Executing VM operation: RevokeBias
Event: 27,934 Executing VM operation: RevokeBias done
Event: 27,934 Thread 0x00007fb6d8001000 DEOPT PACKING pc=0x00007fb75d1da4c4 sp=0x00007fb73037d040
Event: 27,934 Thread 0x00007fb6d8001000 DEOPT UNPACKING pc=0x00007fb75d004f69 sp=0x00007fb73037cfa8 mode 2


Dynamic libraries:
00400000-00401000 r-xp 00000000 08:15 657691                             /usr/lib/jvm/java-8-openjdk-amd64/jre/bin/java
00600000-00601000 r--p 00000000 08:15 657691                             /usr/lib/jvm/java-8-openjdk-amd64/jre/bin/java
00601000-00602000 rw-p 00001000 08:15 657691                             /usr/lib/jvm/java-8-openjdk-amd64/jre/bin/java
006ef000-00710000 rw-p 00000000 00:00 0                                  [heap]
6c7000000-6d1700000 rw-p 00000000 00:00 0 
6d1700000-76d000000 ---p 00000000 00:00 0 
76d000000-772300000 rw-p 00000000 00:00 0 
772300000-7c0000000 ---p 00000000 00:00 0 
7c0000000-7c0160000 rw-p 00000000 00:00 0 
7c0160000-800000000 ---p 00000000 00:00 0 
7fb6cc000000-7fb6cc037000 rw-p 00000000 00:00 0 
7fb6cc037000-7fb6d0000000 ---p 00000000 00:00 0 
7fb6d4000000-7fb6d4021000 rw-p 00000000 00:00 0 
7fb6d4021000-7fb6d8000000 ---p 00000000 00:00 0 
7fb6d8000000-7fb6d8021000 rw-p 00000000 00:00 0 
7fb6d8021000-7fb6dc000000 ---p 00000000 00:00 0 
7fb6dc000000-7fb6dc0c7000 rw-p 00000000 00:00 0 
7fb6dc0c7000-7fb6e0000000 ---p 00000000 00:00 0 
7fb6e0000000-7fb6e0021000 rw-p 00000000 00:00 0 
7fb6e0021000-7fb6e4000000 ---p 00000000 00:00 0 
7fb6e4000000-7fb6e4021000 rw-p 00000000 00:00 0 
7fb6e4021000-7fb6e8000000 ---p 00000000 00:00 0 
7fb6e8000000-7fb6e8021000 rw-p 00000000 00:00 0 
7fb6e8021000-7fb6ec000000 ---p 00000000 00:00 0 
7fb6ec000000-7fb6ec021000 rw-p 00000000 00:00 0 
7fb6ec021000-7fb6f0000000 ---p 00000000 00:00 0 
7fb6f0000000-7fb6f0021000 rw-p 00000000 00:00 0 
7fb6f0021000-7fb6f4000000 ---p 00000000 00:00 0 
7fb6f4000000-7fb6f4021000 rw-p 00000000 00:00 0 
7fb6f4021000-7fb6f8000000 ---p 00000000 00:00 0 
7fb6f8000000-7fb6f8021000 rw-p 00000000 00:00 0 
7fb6f8021000-7fb6fc000000 ---p 00000000 00:00 0 
7fb6fc000000-7fb6fc06a000 rw-p 00000000 00:00 0 
7fb6fc06a000-7fb700000000 ---p 00000000 00:00 0 
7fb700fff000-7fb704000000 rw-p 00000000 00:00 0 
7fb704000000-7fb704021000 rw-p 00000000 00:00 0 
7fb704021000-7fb708000000 ---p 00000000 00:00 0 
7fb708000000-7fb7081b3000 rw-p 00000000 00:00 0 
7fb7081b3000-7fb70c000000 ---p 00000000 00:00 0 
7fb70c000000-7fb70c33f000 rw-p 00000000 00:00 0 
7fb70c33f000-7fb710000000 ---p 00000000 00:00 0 
7fb710000000-7fb710021000 rw-p 00000000 00:00 0 
7fb710021000-7fb714000000 ---p 00000000 00:00 0 
7fb714000000-7fb71448b000 rw-p 00000000 00:00 0 
7fb71448b000-7fb718000000 ---p 00000000 00:00 0 
7fb718000000-7fb718375000 rw-p 00000000 00:00 0 
7fb718375000-7fb71c000000 ---p 00000000 00:00 0 
7fb71c000000-7fb71c021000 rw-p 00000000 00:00 0 
7fb71c021000-7fb720000000 ---p 00000000 00:00 0 
7fb720000000-7fb72096c000 rw-p 00000000 00:00 0 
7fb72096c000-7fb724000000 ---p 00000000 00:00 0 
7fb724000000-7fb724021000 rw-p 00000000 00:00 0 
7fb724021000-7fb728000000 ---p 00000000 00:00 0 
7fb728000000-7fb728021000 rw-p 00000000 00:00 0 
7fb728021000-7fb72c000000 ---p 00000000 00:00 0 
7fb72c000000-7fb72c021000 rw-p 00000000 00:00 0 
7fb72c021000-7fb730000000 ---p 00000000 00:00 0 
7fb73007f000-7fb73013f000 rw-p 00000000 00:00 0 
7fb73013f000-7fb73027f000 ---p 00000000 00:00 0 
7fb73027f000-7fb730282000 ---p 00000000 00:00 0 
7fb730282000-7fb738000000 rw-p 00000000 00:00 0 
7fb738000000-7fb738021000 rw-p 00000000 00:00 0 
7fb738021000-7fb73c000000 ---p 00000000 00:00 0 
7fb73c035000-7fb73c036000 r--s 00000000 08:15 1974349                    /home/pedro/eclipse-workspace/sparkframeworkserver2/Userjar/Serverjar.jar
7fb73c036000-7fb73c037000 r--s 00000000 08:15 1974349                    /home/pedro/eclipse-workspace/sparkframeworkserver2/Userjar/Serverjar.jar
7fb73c037000-7fb73c03a000 ---p 00000000 00:00 0 
7fb73c03a000-7fb73c138000 rw-p 00000000 00:00 0 
7fb73c138000-7fb73c13b000 ---p 00000000 00:00 0 
7fb73c13b000-7fb73c439000 rw-p 00000000 00:00 0 
7fb73c439000-7fb73c461000 r-xp 00000000 08:15 657658                     /usr/lib/jvm/java-8-openjdk-amd64/jre/lib/amd64/libsunec.so
7fb73c461000-7fb73c661000 ---p 00028000 08:15 657658                     /usr/lib/jvm/java-8-openjdk-amd64/jre/lib/amd64/libsunec.so
7fb73c661000-7fb73c665000 r--p 00028000 08:15 657658                     /usr/lib/jvm/java-8-openjdk-amd64/jre/lib/amd64/libsunec.so
7fb73c665000-7fb73c666000 rw-p 0002c000 08:15 657658                     /usr/lib/jvm/java-8-openjdk-amd64/jre/lib/amd64/libsunec.so
7fb73c666000-7fb73c669000 r--s 00015000 08:15 657619                     /usr/lib/jvm/java-8-openjdk-amd64/jre/lib/jce.jar
7fb73c669000-7fb73c66c000 ---p 00000000 00:00 0 
7fb73c66c000-7fb73c76a000 rw-p 00000000 00:00 0 
7fb73c76a000-7fb73c76f000 r--s 0009a000 08:15 657677                     /usr/lib/jvm/java-8-openjdk-amd64/jre/lib/jsse.jar
7fb73c76f000-7fb73c772000 ---p 00000000 00:00 0 
7fb73c772000-7fb73c870000 rw-p 00000000 00:00 0 
7fb73c870000-7fb73c873000 ---p 00000000 00:00 0 
7fb73c873000-7fb73c971000 rw-p 00000000 00:00 0 
7fb73c971000-7fb73c974000 ---p 00000000 00:00 0 
7fb73c974000-7fb73ca72000 rw-p 00000000 00:00 0 
7fb73ca72000-7fb73ca75000 ---p 00000000 00:00 0 
7fb73ca75000-7fb73cb73000 rw-p 00000000 00:00 0 
7fb73cb73000-7fb73cb76000 ---p 00000000 00:00 0 
7fb73cb76000-7fb73cc74000 rw-p 00000000 00:00 0 
7fb73cc74000-7fb73cc77000 ---p 00000000 00:00 0 
7fb73cc77000-7fb73cd75000 rw-p 00000000 00:00 0 
7fb73cd75000-7fb73cd78000 ---p 00000000 00:00 0 
7fb73cd78000-7fb73ce76000 rw-p 00000000 00:00 0 
7fb73ce76000-7fb73ce79000 ---p 00000000 00:00 0 
7fb73ce79000-7fb73cf77000 rw-p 00000000 00:00 0 
7fb73cf77000-7fb73cf8e000 r-xp 00000000 08:15 657657                     /usr/lib/jvm/java-8-openjdk-amd64/jre/lib/amd64/libnet.so
7fb73cf8e000-7fb73d18d000 ---p 00017000 08:15 657657                     /usr/lib/jvm/java-8-openjdk-amd64/jre/lib/amd64/libnet.so
7fb73d18d000-7fb73d18e000 r--p 00016000 08:15 657657                     /usr/lib/jvm/java-8-openjdk-amd64/jre/lib/amd64/libnet.so
7fb73d18e000-7fb73d18f000 rw-p 00017000 08:15 657657                     /usr/lib/jvm/java-8-openjdk-amd64/jre/lib/amd64/libnet.so
7fb73d18f000-7fb73d1a0000 r-xp 00000000 08:15 657669                     /usr/lib/jvm/java-8-openjdk-amd64/jre/lib/amd64/libnio.so
7fb73d1a0000-7fb73d3a0000 ---p 00011000 08:15 657669                     /usr/lib/jvm/java-8-openjdk-amd64/jre/lib/amd64/libnio.so
7fb73d3a0000-7fb73d3a1000 r--p 00011000 08:15 657669                     /usr/lib/jvm/java-8-openjdk-amd64/jre/lib/amd64/libnio.so
7fb73d3a1000-7fb73d3a2000 rw-p 00012000 08:15 657669                     /usr/lib/jvm/java-8-openjdk-amd64/jre/lib/amd64/libnio.so
7fb73d3a2000-7fb73d3ab000 r-xp 00000000 08:15 657641                     /usr/lib/jvm/java-8-openjdk-amd64/jre/lib/amd64/libmanagement.so
7fb73d3ab000-7fb73d5aa000 ---p 00009000 08:15 657641                     /usr/lib/jvm/java-8-openjdk-amd64/jre/lib/amd64/libmanagement.so
7fb73d5aa000-7fb73d5ab000 r--p 00008000 08:15 657641                     /usr/lib/jvm/java-8-openjdk-amd64/jre/lib/amd64/libmanagement.so
7fb73d5ab000-7fb73d5ac000 rw-p 00009000 08:15 657641                     /usr/lib/jvm/java-8-openjdk-amd64/jre/lib/amd64/libmanagement.so
7fb73d5ac000-7fb73d5af000 ---p 00000000 00:00 0 
7fb73d5af000-7fb73d6ad000 rw-p 00000000 00:00 0 
7fb73d6ad000-7fb73d6b3000 r--s 00049000 08:15 942241                     /home/pedro/.m2/repository/cglib/cglib-nodep/2.2/cglib-nodep-2.2.jar
7fb73d6b3000-7fb73d6b5000 r--s 00009000 08:15 534881                     /home/pedro/.m2/repository/org/objenesis/objenesis/2.1/objenesis-2.1.jar
7fb73d6b5000-7fb73d6b7000 r--s 0000c000 08:15 667717                     /home/pedro/.m2/repository/org/xeustechnologies/jcl-core/2.7/jcl-core-2.7.jar
7fb73d6b7000-7fb73d6b9000 r--s 00001000 08:15 526770                     /home/pedro/.m2/repository/org/slf4j/slf4j-log4j12/1.7.5/slf4j-log4j12-1.7.5.jar
7fb73d6b9000-7fb73d6bb000 r--s 00005000 08:15 398328                     /home/pedro/.m2/repository/org/slf4j/slf4j-api/1.7.5/slf4j-api-1.7.5.jar
7fb73d6bb000-7fb73d6be000 r--s 00009000 08:15 527040                     /home/pedro/.m2/repository/org/eclipse/jetty/websocket/websocket-api/9.3.6.v20151106/websocket-api-9.3.6.v20151106.jar
7fb73d6be000-7fb73d6c2000 r--s 0002a000 08:15 526847                     /home/pedro/.m2/repository/org/eclipse/jetty/websocket/websocket-common/9.3.6.v20151106/websocket-common-9.3.6.v20151106.jar
7fb73d6c2000-7fb73d6c4000 r--s 00008000 08:15 526846                     /home/pedro/.m2/repository/org/eclipse/jetty/websocket/websocket-server/9.3.6.v20151106/websocket-server-9.3.6.v20151106.jar
7fb73d6c4000-7fb73d6c7000 r--s 00014000 08:15 526830                     /home/pedro/.m2/repository/org/eclipse/jetty/jetty-security/9.3.6.v20151106/jetty-security-9.3.6.v20151106.jar
7fb73d6c7000-7fb73d6c9000 r--s 0001a000 08:15 526777                     /home/pedro/.m2/repository/org/eclipse/jetty/jetty-servlet/9.3.6.v20151106/jetty-servlet-9.3.6.v20151106.jar
7fb73d6c9000-7fb73d6cb000 r--s 0000b000 08:15 526773                     /home/pedro/.m2/repository/org/eclipse/jetty/jetty-xml/9.3.6.v20151106/jetty-xml-9.3.6.v20151106.jar
7fb73d6cb000-7fb73d6ce000 r--s 00019000 08:15 526769                     /home/pedro/.m2/repository/org/eclipse/jetty/jetty-webapp/9.3.6.v20151106/jetty-webapp-9.3.6.v20151106.jar
7fb73d6ce000-7fb73d6d1000 r--s 00017000 08:15 526768                     /home/pedro/.m2/repository/org/eclipse/jetty/jetty-io/9.3.6.v20151106/jetty-io-9.3.6.v20151106.jar
7fb73d6d1000-7fb73d6d8000 r--s 0005f000 08:15 526764                     /home/pedro/.m2/repository/org/eclipse/jetty/jetty-util/9.3.6.v20151106/jetty-util-9.3.6.v20151106.jar
7fb73d6d8000-7fb73d6db000 r--s 0001a000 08:15 526765                     /home/pedro/.m2/repository/org/eclipse/jetty/jetty-http/9.3.6.v20151106/jetty-http-9.3.6.v20151106.jar
7fb73d6db000-7fb73d6de000 r--s 00015000 08:15 526761                     /home/pedro/.m2/repository/javax/servlet/javax.servlet-api/3.1.0/javax.servlet-api-3.1.0.jar
7fb73d6de000-7fb73d6e5000 r--s 0006f000 08:15 398325                     /home/pedro/.m2/repository/org/eclipse/jetty/jetty-server/9.3.6.v20151106/jetty-server-9.3.6.v20151106.jar
7fb73d6e5000-7fb73d700000 r--s 00394000 08:15 657621                     /usr/lib/jvm/java-8-openjdk-amd64/jre/lib/ext/cldrdata.jar
7fb73d700000-7fb73d71b000 r--s 001d6000 08:15 657623                     /usr/lib/jvm/java-8-openjdk-amd64/jre/lib/ext/nashorn.jar
7fb73d71b000-7fb73d71c000 ---p 00000000 00:00 0 
7fb73d71c000-7fb73d81c000 rw-p 00000000 00:00 0 
7fb73d81c000-7fb73d81f000 ---p 00000000 00:00 0 
7fb73d81f000-7fb73d91d000 rw-p 00000000 00:00 0 
7fb73d91d000-7fb73d920000 ---p 00000000 00:00 0 
7fb73d920000-7fb73da1e000 rw-p 00000000 00:00 0 
7fb73da1e000-7fb73da21000 ---p 00000000 00:00 0 
7fb73da21000-7fb73db1f000 rw-p 00000000 00:00 0 
7fb73db1f000-7fb73db22000 ---p 00000000 00:00 0 
7fb73db22000-7fb73dc20000 rw-p 00000000 00:00 0 
7fb73dc20000-7fb73dc23000 ---p 00000000 00:00 0 
7fb73dc23000-7fb73dd21000 rw-p 00000000 00:00 0 
7fb73dd21000-7fb73dd24000 ---p 00000000 00:00 0 
7fb73dd24000-7fb73de22000 rw-p 00000000 00:00 0 
7fb73de22000-7fb73e0fb000 r--p 00000000 08:15 656129                     /usr/lib/locale/locale-archive
7fb73e0fb000-7fb73e0fe000 ---p 00000000 00:00 0 
7fb73e0fe000-7fb73e1fc000 rw-p 00000000 00:00 0 
7fb73e1fc000-7fb73e1ff000 ---p 00000000 00:00 0 
7fb73e1ff000-7fb73e2fd000 rw-p 00000000 00:00 0 
7fb73e2fd000-7fb73e2fe000 ---p 00000000 00:00 0 
7fb73e2fe000-7fb740000000 rw-p 00000000 00:00 0 
7fb740000000-7fb740021000 rw-p 00000000 00:00 0 
7fb740021000-7fb744000000 ---p 00000000 00:00 0 
7fb744000000-7fb744021000 rw-p 00000000 00:00 0 
7fb744021000-7fb748000000 ---p 00000000 00:00 0 
7fb748000000-7fb748021000 rw-p 00000000 00:00 0 
7fb748021000-7fb74c000000 ---p 00000000 00:00 0 
7fb74c000000-7fb74c021000 rw-p 00000000 00:00 0 
7fb74c021000-7fb750000000 ---p 00000000 00:00 0 
7fb750000000-7fb750021000 rw-p 00000000 00:00 0 
7fb750021000-7fb754000000 ---p 00000000 00:00 0 
7fb754000000-7fb754021000 rw-p 00000000 00:00 0 
7fb754021000-7fb758000000 ---p 00000000 00:00 0 
7fb758000000-7fb758021000 rw-p 00000000 00:00 0 
7fb758021000-7fb75c000000 ---p 00000000 00:00 0 
7fb75c000000-7fb75c001000 r--s 00004000 08:15 527039                     /home/pedro/.m2/repository/org/eclipse/jetty/websocket/websocket-servlet/9.3.6.v20151106/websocket-servlet-9.3.6.v20151106.jar
7fb75c001000-7fb75c003000 r--s 0000a000 08:15 532286                     /home/pedro/Desktop/json-20090211.jar
7fb75c003000-7fb75c00c000 r--s 0006f000 08:15 527045                     /home/pedro/.m2/repository/log4j/log4j/1.2.17/log4j-1.2.17.jar
7fb75c00c000-7fb75c00f000 r--s 0001e000 08:15 398326                     /home/pedro/.m2/repository/com/sparkjava/spark-core/2.5/spark-core-2.5.jar
7fb75c00f000-7fb75c014000 r--s 002f9000 08:15 657675                     /usr/lib/jvm/java-8-openjdk-amd64/jre/lib/charsets.jar
7fb75c014000-7fb75c017000 r--s 00015000 08:15 657619                     /usr/lib/jvm/java-8-openjdk-amd64/jre/lib/jce.jar
7fb75c017000-7fb75d000000 rw-p 00000000 00:00 0 
7fb75d000000-7fb75d430000 rwxp 00000000 00:00 0 
7fb75d430000-7fb76c000000 ---p 00000000 00:00 0 
7fb76c000000-7fb76c37e000 rw-p 00000000 00:00 0 
7fb76c37e000-7fb770000000 ---p 00000000 00:00 0 
7fb770000000-7fb770005000 r--s 0009a000 08:15 657677                     /usr/lib/jvm/java-8-openjdk-amd64/jre/lib/jsse.jar
7fb770005000-7fb770018000 r--s 00346000 08:15 657676                     /usr/lib/jvm/java-8-openjdk-amd64/jre/lib/resources.jar
7fb770018000-7fb77001a000 r--s 00008000 08:15 657625                     /usr/lib/jvm/java-8-openjdk-amd64/jre/lib/ext/sunec.jar
7fb77001a000-7fb770089000 rw-p 00000000 00:00 0 
7fb770089000-7fb770258000 r--s 03c21000 08:15 657617                     /usr/lib/jvm/java-8-openjdk-amd64/jre/lib/rt.jar
7fb770258000-7fb7702ce000 rw-p 00000000 00:00 0 
7fb7702ce000-7fb7702cf000 ---p 00000000 00:00 0 
7fb7702cf000-7fb7703cf000 rw-p 00000000 00:00 0 
7fb7703cf000-7fb7703d0000 ---p 00000000 00:00 0 
7fb7703d0000-7fb7704d0000 rw-p 00000000 00:00 0 
7fb7704d0000-7fb7704d1000 ---p 00000000 00:00 0 
7fb7704d1000-7fb7705d1000 rw-p 00000000 00:00 0 
7fb7705d1000-7fb7705d2000 ---p 00000000 00:00 0 
7fb7705d2000-7fb7706d2000 rw-p 00000000 00:00 0 
7fb7706d2000-7fb7706d3000 ---p 00000000 00:00 0 
7fb7706d3000-7fb7707d3000 rw-p 00000000 00:00 0 
7fb7707d3000-7fb7707d4000 ---p 00000000 00:00 0 
7fb7707d4000-7fb7708d4000 rw-p 00000000 00:00 0 
7fb7708d4000-7fb7708d5000 ---p 00000000 00:00 0 
7fb7708d5000-7fb7709d5000 rw-p 00000000 00:00 0 
7fb7709d5000-7fb7709d6000 ---p 00000000 00:00 0 
7fb7709d6000-7fb770b2a000 rw-p 00000000 00:00 0 
7fb770b2a000-7fb771006000 ---p 00000000 00:00 0 
7fb771006000-7fb77105a000 rw-p 00000000 00:00 0 
7fb77105a000-7fb771536000 ---p 00000000 00:00 0 
7fb771536000-7fb771560000 rw-p 00000000 00:00 0 
7fb771560000-7fb7717ce000 ---p 00000000 00:00 0 
7fb7717ce000-7fb7717e0000 rw-p 00000000 00:00 0 
7fb7717e0000-7fb771b8f000 ---p 00000000 00:00 0 
7fb771b8f000-7fb771b97000 r-xp 00000000 08:15 657663                     /usr/lib/jvm/java-8-openjdk-amd64/jre/lib/amd64/libzip.so
7fb771b97000-7fb771d96000 ---p 00008000 08:15 657663                     /usr/lib/jvm/java-8-openjdk-amd64/jre/lib/amd64/libzip.so
7fb771d96000-7fb771d97000 r--p 00007000 08:15 657663                     /usr/lib/jvm/java-8-openjdk-amd64/jre/lib/amd64/libzip.so
7fb771d97000-7fb771d98000 rw-p 00008000 08:15 657663                     /usr/lib/jvm/java-8-openjdk-amd64/jre/lib/amd64/libzip.so
7fb771d98000-7fb771da3000 r-xp 00000000 08:15 1595794                    /lib/x86_64-linux-gnu/libnss_files-2.23.so
7fb771da3000-7fb771fa2000 ---p 0000b000 08:15 1595794                    /lib/x86_64-linux-gnu/libnss_files-2.23.so
7fb771fa2000-7fb771fa3000 r--p 0000a000 08:15 1595794                    /lib/x86_64-linux-gnu/libnss_files-2.23.so
7fb771fa3000-7fb771fa4000 rw-p 0000b000 08:15 1595794                    /lib/x86_64-linux-gnu/libnss_files-2.23.so
7fb771fa4000-7fb771faa000 rw-p 00000000 00:00 0 
7fb771faa000-7fb771fb5000 r-xp 00000000 08:15 1596233                    /lib/x86_64-linux-gnu/libnss_nis-2.23.so
7fb771fb5000-7fb7721b4000 ---p 0000b000 08:15 1596233                    /lib/x86_64-linux-gnu/libnss_nis-2.23.so
7fb7721b4000-7fb7721b5000 r--p 0000a000 08:15 1596233                    /lib/x86_64-linux-gnu/libnss_nis-2.23.so
7fb7721b5000-7fb7721b6000 rw-p 0000b000 08:15 1596233                    /lib/x86_64-linux-gnu/libnss_nis-2.23.so
7fb7721b6000-7fb7721cc000 r-xp 00000000 08:15 1580621                    /lib/x86_64-linux-gnu/libnsl-2.23.so
7fb7721cc000-7fb7723cb000 ---p 00016000 08:15 1580621                    /lib/x86_64-linux-gnu/libnsl-2.23.so
7fb7723cb000-7fb7723cc000 r--p 00015000 08:15 1580621                    /lib/x86_64-linux-gnu/libnsl-2.23.so
7fb7723cc000-7fb7723cd000 rw-p 00016000 08:15 1580621                    /lib/x86_64-linux-gnu/libnsl-2.23.so
7fb7723cd000-7fb7723cf000 rw-p 00000000 00:00 0 
7fb7723cf000-7fb7723d7000 r-xp 00000000 08:15 1596394                    /lib/x86_64-linux-gnu/libnss_compat-2.23.so
7fb7723d7000-7fb7725d6000 ---p 00008000 08:15 1596394                    /lib/x86_64-linux-gnu/libnss_compat-2.23.so
7fb7725d6000-7fb7725d7000 r--p 00007000 08:15 1596394                    /lib/x86_64-linux-gnu/libnss_compat-2.23.so
7fb7725d7000-7fb7725d8000 rw-p 00008000 08:15 1596394                    /lib/x86_64-linux-gnu/libnss_compat-2.23.so
7fb7725d8000-7fb772605000 r-xp 00000000 08:15 657646                     /usr/lib/jvm/java-8-openjdk-amd64/jre/lib/amd64/libjava.so
7fb772605000-7fb772804000 ---p 0002d000 08:15 657646                     /usr/lib/jvm/java-8-openjdk-amd64/jre/lib/amd64/libjava.so
7fb772804000-7fb772805000 r--p 0002c000 08:15 657646                     /usr/lib/jvm/java-8-openjdk-amd64/jre/lib/amd64/libjava.so
7fb772805000-7fb772807000 rw-p 0002d000 08:15 657646                     /usr/lib/jvm/java-8-openjdk-amd64/jre/lib/amd64/libjava.so
7fb772807000-7fb772816000 r-xp 00000000 08:15 657661                     /usr/lib/jvm/java-8-openjdk-amd64/jre/lib/amd64/libverify.so
7fb772816000-7fb772a15000 ---p 0000f000 08:15 657661                     /usr/lib/jvm/java-8-openjdk-amd64/jre/lib/amd64/libverify.so
7fb772a15000-7fb772a17000 r--p 0000e000 08:15 657661                     /usr/lib/jvm/java-8-openjdk-amd64/jre/lib/amd64/libverify.so
7fb772a17000-7fb772a18000 rw-p 00010000 08:15 657661                     /usr/lib/jvm/java-8-openjdk-amd64/jre/lib/amd64/libverify.so
7fb772a18000-7fb772a1f000 r-xp 00000000 08:15 1596318                    /lib/x86_64-linux-gnu/librt-2.23.so
7fb772a1f000-7fb772c1e000 ---p 00007000 08:15 1596318                    /lib/x86_64-linux-gnu/librt-2.23.so
7fb772c1e000-7fb772c1f000 r--p 00006000 08:15 1596318                    /lib/x86_64-linux-gnu/librt-2.23.so
7fb772c1f000-7fb772c20000 rw-p 00007000 08:15 1596318                    /lib/x86_64-linux-gnu/librt-2.23.so
7fb772c20000-7fb772c36000 r-xp 00000000 08:15 1578316                    /lib/x86_64-linux-gnu/libgcc_s.so.1
7fb772c36000-7fb772e35000 ---p 00016000 08:15 1578316                    /lib/x86_64-linux-gnu/libgcc_s.so.1
7fb772e35000-7fb772e36000 rw-p 00015000 08:15 1578316                    /lib/x86_64-linux-gnu/libgcc_s.so.1
7fb772e36000-7fb772f3e000 r-xp 00000000 08:15 1596553                    /lib/x86_64-linux-gnu/libm-2.23.so
7fb772f3e000-7fb77313d000 ---p 00108000 08:15 1596553                    /lib/x86_64-linux-gnu/libm-2.23.so
7fb77313d000-7fb77313e000 r--p 00107000 08:15 1596553                    /lib/x86_64-linux-gnu/libm-2.23.so
7fb77313e000-7fb77313f000 rw-p 00108000 08:15 1596553                    /lib/x86_64-linux-gnu/libm-2.23.so
7fb77313f000-7fb7732b1000 r-xp 00000000 08:15 657218                     /usr/lib/x86_64-linux-gnu/libstdc++.so.6.0.21
7fb7732b1000-7fb7734b1000 ---p 00172000 08:15 657218                     /usr/lib/x86_64-linux-gnu/libstdc++.so.6.0.21
7fb7734b1000-7fb7734bb000 r--p 00172000 08:15 657218                     /usr/lib/x86_64-linux-gnu/libstdc++.so.6.0.21
7fb7734bb000-7fb7734bd000 rw-p 0017c000 08:15 657218                     /usr/lib/x86_64-linux-gnu/libstdc++.so.6.0.21
7fb7734bd000-7fb7734c1000 rw-p 00000000 00:00 0 
7fb7734c1000-7fb774113000 r-xp 00000000 08:15 657656                     /usr/lib/jvm/java-8-openjdk-amd64/jre/lib/amd64/server/libjvm.so
7fb774113000-7fb774313000 ---p 00c52000 08:15 657656                     /usr/lib/jvm/java-8-openjdk-amd64/jre/lib/amd64/server/libjvm.so
7fb774313000-7fb7743a6000 r--p 00c52000 08:15 657656                     /usr/lib/jvm/java-8-openjdk-amd64/jre/lib/amd64/server/libjvm.so
7fb7743a6000-7fb7743cf000 rw-p 00ce5000 08:15 657656                     /usr/lib/jvm/java-8-openjdk-amd64/jre/lib/amd64/server/libjvm.so
7fb7743cf000-7fb7743ff000 rw-p 00000000 00:00 0 
7fb7743ff000-7fb774417000 r-xp 00000000 08:15 1596195                    /lib/x86_64-linux-gnu/libpthread-2.23.so
7fb774417000-7fb774616000 ---p 00018000 08:15 1596195                    /lib/x86_64-linux-gnu/libpthread-2.23.so
7fb774616000-7fb774617000 r--p 00017000 08:15 1596195                    /lib/x86_64-linux-gnu/libpthread-2.23.so
7fb774617000-7fb774618000 rw-p 00018000 08:15 1596195                    /lib/x86_64-linux-gnu/libpthread-2.23.so
7fb774618000-7fb77461c000 rw-p 00000000 00:00 0 
7fb77461c000-7fb77461f000 r-xp 00000000 08:15 1596380                    /lib/x86_64-linux-gnu/libdl-2.23.so
7fb77461f000-7fb77481e000 ---p 00003000 08:15 1596380                    /lib/x86_64-linux-gnu/libdl-2.23.so
7fb77481e000-7fb77481f000 r--p 00002000 08:15 1596380                    /lib/x86_64-linux-gnu/libdl-2.23.so
7fb77481f000-7fb774820000 rw-p 00003000 08:15 1596380                    /lib/x86_64-linux-gnu/libdl-2.23.so
7fb774820000-7fb774839000 r-xp 00000000 08:15 1572894                    /lib/x86_64-linux-gnu/libz.so.1.2.8
7fb774839000-7fb774a38000 ---p 00019000 08:15 1572894                    /lib/x86_64-linux-gnu/libz.so.1.2.8
7fb774a38000-7fb774a39000 r--p 00018000 08:15 1572894                    /lib/x86_64-linux-gnu/libz.so.1.2.8
7fb774a39000-7fb774a3a000 rw-p 00019000 08:15 1572894                    /lib/x86_64-linux-gnu/libz.so.1.2.8
7fb774a3a000-7fb774bfa000 r-xp 00000000 08:15 1596601                    /lib/x86_64-linux-gnu/libc-2.23.so
7fb774bfa000-7fb774dfa000 ---p 001c0000 08:15 1596601                    /lib/x86_64-linux-gnu/libc-2.23.so
7fb774dfa000-7fb774dfe000 r--p 001c0000 08:15 1596601                    /lib/x86_64-linux-gnu/libc-2.23.so
7fb774dfe000-7fb774e00000 rw-p 001c4000 08:15 1596601                    /lib/x86_64-linux-gnu/libc-2.23.so
7fb774e00000-7fb774e04000 rw-p 00000000 00:00 0 
7fb774e04000-7fb774e11000 r-xp 00000000 08:15 657659                     /usr/lib/jvm/java-8-openjdk-amd64/jre/lib/amd64/jli/libjli.so
7fb774e11000-7fb775011000 ---p 0000d000 08:15 657659                     /usr/lib/jvm/java-8-openjdk-amd64/jre/lib/amd64/jli/libjli.so
7fb775011000-7fb775012000 r--p 0000d000 08:15 657659                     /usr/lib/jvm/java-8-openjdk-amd64/jre/lib/amd64/jli/libjli.so
7fb775012000-7fb775013000 rw-p 0000e000 08:15 657659                     /usr/lib/jvm/java-8-openjdk-amd64/jre/lib/amd64/jli/libjli.so
7fb775013000-7fb775039000 r-xp 00000000 08:15 1580622                    /lib/x86_64-linux-gnu/ld-2.23.so
7fb775039000-7fb77503a000 r--s 00008000 08:15 526849                     /home/pedro/.m2/repository/org/eclipse/jetty/websocket/websocket-client/9.3.6.v20151106/websocket-client-9.3.6.v20151106.jar
7fb77503a000-7fb77510b000 rw-p 00000000 00:00 0 
7fb77510b000-7fb77510e000 ---p 00000000 00:00 0 
7fb77510e000-7fb775211000 rw-p 00000000 00:00 0 
7fb775211000-7fb775212000 r--s 0000a000 08:15 657628                     /usr/lib/jvm/java-8-openjdk-amd64/jre/lib/ext/jaccess.jar
7fb775212000-7fb775215000 r--s 0000f000 08:15 657620                     /usr/lib/jvm/java-8-openjdk-amd64/jre/lib/ext/icedtea-sound.jar
7fb775215000-7fb77521b000 r--s 0003a000 08:15 657624                     /usr/lib/jvm/java-8-openjdk-amd64/jre/lib/ext/sunjce_provider.jar
7fb77521b000-7fb775225000 r--s 00116000 08:15 657626                     /usr/lib/jvm/java-8-openjdk-amd64/jre/lib/ext/localedata.jar
7fb775225000-7fb775227000 r--s 00001000 08:15 657629                     /usr/lib/jvm/java-8-openjdk-amd64/jre/lib/ext/dnsns.jar
7fb775227000-7fb77522b000 r--s 00037000 08:15 657627                     /usr/lib/jvm/java-8-openjdk-amd64/jre/lib/ext/sunpkcs11.jar
7fb77522b000-7fb77522c000 r--s 00010000 08:15 657622                     /usr/lib/jvm/java-8-openjdk-amd64/jre/lib/ext/zipfs.jar
7fb77522c000-7fb775234000 rw-s 00000000 08:15 1716365                    /tmp/hsperfdata_pedro/13863
7fb775234000-7fb775235000 rw-p 00000000 00:00 0 
7fb775235000-7fb775236000 r--p 00000000 00:00 0 
7fb775236000-7fb775238000 rw-p 00000000 00:00 0 
7fb775238000-7fb775239000 r--p 00025000 08:15 1580622                    /lib/x86_64-linux-gnu/ld-2.23.so
7fb775239000-7fb77523a000 rw-p 00026000 08:15 1580622                    /lib/x86_64-linux-gnu/ld-2.23.so
7fb77523a000-7fb77523b000 rw-p 00000000 00:00 0 
7fff19db0000-7fff19dd2000 rw-p 00000000 00:00 0                          [stack]
7fff19de7000-7fff19de9000 r--p 00000000 00:00 0                          [vvar]
7fff19de9000-7fff19deb000 r-xp 00000000 00:00 0                          [vdso]
ffffffffff600000-ffffffffff601000 r-xp 00000000 00:00 0                  [vsyscall]

VM Arguments:
jvm_args: -Dfile.encoding=UTF-8 
java_command: server.Main
java_class_path (initial): /usr/lib/jvm/java-8-openjdk-amd64/jre/lib/resources.jar:/usr/lib/jvm/java-8-openjdk-amd64/jre/lib/rt.jar:/usr/lib/jvm/java-8-openjdk-amd64/jre/lib/jsse.jar:/usr/lib/jvm/java-8-openjdk-amd64/jre/lib/jce.jar:/usr/lib/jvm/java-8-openjdk-amd64/jre/lib/charsets.jar:/usr/lib/jvm/java-8-openjdk-amd64/jre/lib/ext/zipfs.jar:/usr/lib/jvm/java-8-openjdk-amd64/jre/lib/ext/sunpkcs11.jar:/usr/lib/jvm/java-8-openjdk-amd64/jre/lib/ext/dnsns.jar:/usr/lib/jvm/java-8-openjdk-amd64/jre/lib/ext/localedata.jar:/usr/lib/jvm/java-8-openjdk-amd64/jre/lib/ext/sunjce_provider.jar:/usr/lib/jvm/java-8-openjdk-amd64/jre/lib/ext/icedtea-sound.jar:/usr/lib/jvm/java-8-openjdk-amd64/jre/lib/ext/nashorn.jar:/usr/lib/jvm/java-8-openjdk-amd64/jre/lib/ext/cldrdata.jar:/usr/lib/jvm/java-8-openjdk-amd64/jre/lib/ext/sunec.jar:/usr/lib/jvm/java-8-openjdk-amd64/jre/lib/ext/jaccess.jar:/home/pedro/eclipse-workspace/sparkframeworkserver2/target/classes:/home/pedro/.m2/repository/com/sparkjava/spark-core/2.5/spark-core-2.5.jar:/home/pedro/.m2/repository/log4j/log4j/1.2.17/log4j-1.2.17.jar:/home/pedro/Desktop/json-20090211.jar:/home/pedro/.m2/repository/org/eclipse/jetty/jetty-server/9.3.6.v20151106/jetty-server-9.3.6.v20151106.jar:/home/pedro/.m2/repository/javax/servlet/javax.servlet-api/3.1.0/javax.servlet-api-3.1.0.jar:/home/pedro/.m2/repository/org/eclipse/jetty/jetty-http/9.3.6.v20151106/jetty-http-9.3.6.v20151106.jar:/home/pedro/.m2/repository/org/eclipse/jetty/jetty-util/9.3.6.v20151106/jetty-util-9.3.6.v20151106.jar:/home/pedro/.m2/repository/org/eclipse/jetty/jetty-io/9.3.6.v20151106/jetty-io-9.3.6.v20151106.jar:/home/pedro/.m2/repository/org/eclipse/jetty/jetty-webapp/9.3.6.v20151106/jetty-webapp-9.3.6.v20151106.jar:/home/pedro/.m2/repository/org/eclipse/jetty/jetty-xml/9.3.6.v20151106/jetty-xml-9.3.6.v20151106.jar:/home/pedro/.m2/repository/org/eclipse/jetty/jetty-servlet/9.3.6.v20151106/jetty-servlet-9.3.6.v20151106.jar:/home/pedro/.m2/repository/org/eclipse/jetty/jetty-
Launcher Type: SUN_STANDARD

Environment Variables:
PATH=/home/pedro/bin:/home/pedro/.local/bin:/usr/local/sbin:/usr/local/bin:/usr/sbin:/usr/bin:/sbin:/bin:/usr/games:/usr/local/games
USERNAME=pedro
SHELL=/bin/bash
DISPLAY=:0

Signal Handlers:
SIGSEGV: [libjvm.so+0xa69040], sa_mask[0]=11111111011111111101111111111110, sa_flags=SA_RESTART|SA_SIGINFO
SIGBUS: [libjvm.so+0xa69040], sa_mask[0]=11111111011111111101111111111110, sa_flags=SA_RESTART|SA_SIGINFO
SIGFPE: [libjvm.so+0x8b2170], sa_mask[0]=11111111011111111101111111111110, sa_flags=SA_RESTART|SA_SIGINFO
SIGPIPE: [libjvm.so+0x8b2170], sa_mask[0]=11111111011111111101111111111110, sa_flags=SA_RESTART|SA_SIGINFO
SIGXFSZ: [libjvm.so+0x8b2170], sa_mask[0]=11111111011111111101111111111110, sa_flags=SA_RESTART|SA_SIGINFO
SIGILL: [libjvm.so+0x8b2170], sa_mask[0]=11111111011111111101111111111110, sa_flags=SA_RESTART|SA_SIGINFO
SIGUSR1: SIG_DFL, sa_mask[0]=00000000000000000000000000000000, sa_flags=none
SIGUSR2: [libjvm.so+0x8b2020], sa_mask[0]=00100000000000000000000000000000, sa_flags=SA_RESTART|SA_SIGINFO
SIGHUP: [libjvm.so+0x8b24f0], sa_mask[0]=11111111011111111101111111111110, sa_flags=SA_RESTART|SA_SIGINFO
SIGINT: [libjvm.so+0x8b24f0], sa_mask[0]=11111111011111111101111111111110, sa_flags=SA_RESTART|SA_SIGINFO
SIGTERM: [libjvm.so+0x8b24f0], sa_mask[0]=11111111011111111101111111111110, sa_flags=SA_RESTART|SA_SIGINFO
SIGQUIT: [libjvm.so+0x8b24f0], sa_mask[0]=11111111011111111101111111111110, sa_flags=SA_RESTART|SA_SIGINFO


---------------  S Y S T E M  ---------------

OS:DISTRIB_ID=LinuxMint
DISTRIB_RELEASE=18.1
DISTRIB_CODENAME=serena
DISTRIB_DESCRIPTION="Linux Mint 18.1 Serena"

uname:Linux 4.4.0-53-generic #74-Ubuntu SMP Fri Dec 2 15:59:10 UTC 2016 x86_64
libc:glibc 2.23 NPTL 2.23 
rlimit: STACK 8192k, CORE 0k, NPROC 63395, NOFILE 1048576, AS infinity
load average:0,62 0,62 0,58

/proc/meminfo:
MemTotal:       16312712 kB
MemFree:         2700964 kB
MemAvailable:    4994216 kB
Buffers:          503760 kB
Cached:          1873692 kB
SwapCached:            0 kB
Active:         11614244 kB
Inactive:        1390456 kB
Active(anon):   10628916 kB
Inactive(anon):    93568 kB
Active(file):     985328 kB
Inactive(file):  1296888 kB
Unevictable:           0 kB
Mlocked:               0 kB
SwapTotal:      16657404 kB
SwapFree:       16657404 kB
Dirty:              1020 kB
Writeback:             0 kB
AnonPages:      10614388 kB
Mapped:           552036 kB
Shmem:             95240 kB
Slab:             413852 kB
SReclaimable:     353380 kB
SUnreclaim:        60472 kB
KernelStack:       15216 kB
PageTables:        54068 kB
NFS_Unstable:          0 kB
Bounce:                0 kB
WritebackTmp:          0 kB
CommitLimit:    24813760 kB
Committed_AS:    9103088 kB
VmallocTotal:   34359738367 kB
VmallocUsed:           0 kB
VmallocChunk:          0 kB
HardwareCorrupted:     0 kB
AnonHugePages:   5775360 kB
CmaTotal:              0 kB
CmaFree:               0 kB
HugePages_Total:       0
HugePages_Free:        0
HugePages_Rsvd:        0
HugePages_Surp:        0
Hugepagesize:       2048 kB
DirectMap4k:      284000 kB
DirectMap2M:     9033728 kB
DirectMap1G:     7340032 kB


CPU:total 8 (initial active 8) (4 cores per cpu, 2 threads per core) family 6 model 60 stepping 3, cmov, cx8, fxsr, mmx, sse, sse2, sse3, ssse3, sse4.1, sse4.2, popcnt, avx, avx2, aes, clmul, erms, lzcnt, ht, tsc, tscinvbit, bmi1, bmi2

/proc/cpuinfo:
processor	: 0
vendor_id	: GenuineIntel
cpu family	: 6
model		: 60
model name	: Intel(R) Core(TM) i7-4700HQ CPU @ 2.40GHz
stepping	: 3
microcode	: 0x22
cpu MHz		: 3197.906
cache size	: 6144 KB
physical id	: 0
siblings	: 8
core id		: 0
cpu cores	: 4
apicid		: 0
initial apicid	: 0
fpu		: yes
fpu_exception	: yes
cpuid level	: 13
wp		: yes
flags		: fpu vme de pse tsc msr pae mce cx8 apic sep mtrr pge mca cmov pat pse36 clflush dts acpi mmx fxsr sse sse2 ss ht tm pbe syscall nx pdpe1gb rdtscp lm constant_tsc arch_perfmon pebs bts rep_good nopl xtopology nonstop_tsc aperfmperf eagerfpu pni pclmulqdq dtes64 monitor ds_cpl vmx est tm2 ssse3 sdbg fma cx16 xtpr pdcm pcid sse4_1 sse4_2 x2apic movbe popcnt tsc_deadline_timer aes xsave avx f16c rdrand lahf_lm abm epb tpr_shadow vnmi flexpriority ept vpid fsgsbase tsc_adjust bmi1 avx2 smep bmi2 erms invpcid xsaveopt dtherm ida arat pln pts
bugs		:
bogomips	: 4788.88
clflush size	: 64
cache_alignment	: 64
address sizes	: 39 bits physical, 48 bits virtual
power management:

processor	: 1
vendor_id	: GenuineIntel
cpu family	: 6
model		: 60
model name	: Intel(R) Core(TM) i7-4700HQ CPU @ 2.40GHz
stepping	: 3
microcode	: 0x22
cpu MHz		: 3247.593
cache size	: 6144 KB
physical id	: 0
siblings	: 8
core id		: 1
cpu cores	: 4
apicid		: 2
initial apicid	: 2
fpu		: yes
fpu_exception	: yes
cpuid level	: 13
wp		: yes
flags		: fpu vme de pse tsc msr pae mce cx8 apic sep mtrr pge mca cmov pat pse36 clflush dts acpi mmx fxsr sse sse2 ss ht tm pbe syscall nx pdpe1gb rdtscp lm constant_tsc arch_perfmon pebs bts rep_good nopl xtopology nonstop_tsc aperfmperf eagerfpu pni pclmulqdq dtes64 monitor ds_cpl vmx est tm2 ssse3 sdbg fma cx16 xtpr pdcm pcid sse4_1 sse4_2 x2apic movbe popcnt tsc_deadline_timer aes xsave avx f16c rdrand lahf_lm abm epb tpr_shadow vnmi flexpriority ept vpid fsgsbase tsc_adjust bmi1 avx2 smep bmi2 erms invpcid xsaveopt dtherm ida arat pln pts
bugs		:
bogomips	: 4788.88
clflush size	: 64
cache_alignment	: 64
address sizes	: 39 bits physical, 48 bits virtual
power management:

processor	: 2
vendor_id	: GenuineIntel
cpu family	: 6
model		: 60
model name	: Intel(R) Core(TM) i7-4700HQ CPU @ 2.40GHz
stepping	: 3
microcode	: 0x22
cpu MHz		: 3199.968
cache size	: 6144 KB
physical id	: 0
siblings	: 8
core id		: 2
cpu cores	: 4
apicid		: 4
initial apicid	: 4
fpu		: yes
fpu_exception	: yes
cpuid level	: 13
wp		: yes
flags		: fpu vme de pse tsc msr pae mce cx8 apic sep mtrr pge mca cmov pat pse36 clflush dts acpi mmx fxsr sse sse2 ss ht tm pbe syscall nx pdpe1gb rdtscp lm constant_tsc arch_perfmon pebs bts rep_good nopl xtopology nonstop_tsc aperfmperf eagerfpu pni pclmulqdq dtes64 monitor ds_cpl vmx est tm2 ssse3 sdbg fma cx16 xtpr pdcm pcid sse4_1 sse4_2 x2apic movbe popcnt tsc_deadline_timer aes xsave avx f16c rdrand lahf_lm abm epb tpr_shadow vnmi flexpriority ept vpid fsgsbase tsc_adjust bmi1 avx2 smep bmi2 erms invpcid xsaveopt dtherm ida arat pln pts
bugs		:
bogomips	: 4788.88
clflush size	: 64
cache_alignment	: 64
address sizes	: 39 bits physical, 48 bits virtual
power management:

processor	: 3
vendor_id	: GenuineIntel
cpu family	: 6
model		: 60
model name	: Intel(R) Core(TM) i7-4700HQ CPU @ 2.40GHz
stepping	: 3
microcode	: 0x22
cpu MHz		: 3178.312
cache size	: 6144 KB
physical id	: 0
siblings	: 8
core id		: 3
cpu cores	: 4
apicid		: 6
initial apicid	: 6
fpu		: yes
fpu_exception	: yes
cpuid level	: 13
wp		: yes
flags		: fpu vme de pse tsc msr pae mce cx8 apic sep mtrr pge mca cmov pat pse36 clflush dts acpi mmx fxsr sse sse2 ss ht tm pbe syscall nx pdpe1gb rdtscp lm constant_tsc arch_perfmon pebs bts rep_good nopl xtopology nonstop_tsc aperfmperf eagerfpu pni pclmulqdq dtes64 monitor ds_cpl vmx est tm2 ssse3 sdbg fma cx16 xtpr pdcm pcid sse4_1 sse4_2 x2apic movbe popcnt tsc_deadline_timer aes xsave avx f16c rdrand lahf_lm abm epb tpr_shadow vnmi flexpriority ept vpid fsgsbase tsc_adjust bmi1 avx2 smep bmi2 erms invpcid xsaveopt dtherm ida arat pln pts
bugs		:
bogomips	: 4788.88
clflush size	: 64
cache_alignment	: 64
address sizes	: 39 bits physical, 48 bits virtual
power management:

processor	: 4
vendor_id	: GenuineIntel
cpu family	: 6
model		: 60
model name	: Intel(R) Core(TM) i7-4700HQ CPU @ 2.40GHz
stepping	: 3
microcode	: 0x22
cpu MHz		: 3186.187
cache size	: 6144 KB
physical id	: 0
siblings	: 8
core id		: 0
cpu cores	: 4
apicid		: 1
initial apicid	: 1
fpu		: yes
fpu_exception	: yes
cpuid level	: 13
wp		: yes
flags		: fpu vme de pse tsc msr pae mce cx8 apic sep mtrr pge mca cmov pat pse36 clflush dts acpi mmx fxsr sse sse2 ss ht tm pbe syscall nx pdpe1gb rdtscp lm constant_tsc arch_perfmon pebs bts rep_good nopl xtopology nonstop_tsc aperfmperf eagerfpu pni pclmulqdq dtes64 monitor ds_cpl vmx est tm2 ssse3 sdbg fma cx16 xtpr pdcm pcid sse4_1 sse4_2 x2apic movbe popcnt tsc_deadline_timer aes xsave avx f16c rdrand lahf_lm abm epb tpr_shadow vnmi flexpriority ept vpid fsgsbase tsc_adjust bmi1 avx2 smep bmi2 erms invpcid xsaveopt dtherm ida arat pln pts
bugs		:
bogomips	: 4788.88
clflush size	: 64
cache_alignment	: 64
address sizes	: 39 bits physical, 48 bits virtual
power management:

processor	: 5
vendor_id	: GenuineIntel
cpu family	: 6
model		: 60
model name	: Intel(R) Core(TM) i7-4700HQ CPU @ 2.40GHz
stepping	: 3
microcode	: 0x22
cpu MHz		: 3182.531
cache size	: 6144 KB
physical id	: 0
siblings	: 8
core id		: 1
cpu cores	: 4
apicid		: 3
initial apicid	: 3
fpu		: yes
fpu_exception	: yes
cpuid level	: 13
wp		: yes
flags		: fpu vme de pse tsc msr pae mce cx8 apic sep mtrr pge mca cmov pat pse36 clflush dts acpi mmx fxsr sse sse2 ss ht tm pbe syscall nx pdpe1gb rdtscp lm constant_tsc arch_perfmon pebs bts rep_good nopl xtopology nonstop_tsc aperfmperf eagerfpu pni pclmulqdq dtes64 monitor ds_cpl vmx est tm2 ssse3 sdbg fma cx16 xtpr pdcm pcid sse4_1 sse4_2 x2apic movbe popcnt tsc_deadline_timer aes xsave avx f16c rdrand lahf_lm abm epb tpr_shadow vnmi flexpriority ept vpid fsgsbase tsc_adjust bmi1 avx2 smep bmi2 erms invpcid xsaveopt dtherm ida arat pln pts
bugs		:
bogomips	: 4788.88
clflush size	: 64
cache_alignment	: 64
address sizes	: 39 bits physical, 48 bits virtual
power management:

processor	: 6
vendor_id	: GenuineIntel
cpu family	: 6
model		: 60
model name	: Intel(R) Core(TM) i7-4700HQ CPU @ 2.40GHz
stepping	: 3
microcode	: 0x22
cpu MHz		: 3199.968
cache size	: 6144 KB
physical id	: 0
siblings	: 8
core id		: 2
cpu cores	: 4
apicid		: 5
initial apicid	: 5
fpu		: yes
fpu_exception	: yes
cpuid level	: 13
wp		: yes
flags		: fpu vme de pse tsc msr pae mce cx8 apic sep mtrr pge mca cmov pat pse36 clflush dts acpi mmx fxsr sse sse2 ss ht tm pbe syscall nx pdpe1gb rdtscp lm constant_tsc arch_perfmon pebs bts rep_good nopl xtopology nonstop_tsc aperfmperf eagerfpu pni pclmulqdq dtes64 monitor ds_cpl vmx est tm2 ssse3 sdbg fma cx16 xtpr pdcm pcid sse4_1 sse4_2 x2apic movbe popcnt tsc_deadline_timer aes xsave avx f16c rdrand lahf_lm abm epb tpr_shadow vnmi flexpriority ept vpid fsgsbase tsc_adjust bmi1 avx2 smep bmi2 erms invpcid xsaveopt dtherm ida arat pln pts
bugs		:
bogomips	: 4788.88
clflush size	: 64
cache_alignment	: 64
address sizes	: 39 bits physical, 48 bits virtual
power management:

processor	: 7
vendor_id	: GenuineIntel
cpu family	: 6
model		: 60
model name	: Intel(R) Core(TM) i7-4700HQ CPU @ 2.40GHz
stepping	: 3
microcode	: 0x22
cpu MHz		: 3186.562
cache size	: 6144 KB
physical id	: 0
siblings	: 8
core id		: 3
cpu cores	: 4
apicid		: 7
initial apicid	: 7
fpu		: yes
fpu_exception	: yes
cpuid level	: 13
wp		: yes
flags		: fpu vme de pse tsc msr pae mce cx8 apic sep mtrr pge mca cmov pat pse36 clflush dts acpi mmx fxsr sse sse2 ss ht tm pbe syscall nx pdpe1gb rdtscp lm constant_tsc arch_perfmon pebs bts rep_good nopl xtopology nonstop_tsc aperfmperf eagerfpu pni pclmulqdq dtes64 monitor ds_cpl vmx est tm2 ssse3 sdbg fma cx16 xtpr pdcm pcid sse4_1 sse4_2 x2apic movbe popcnt tsc_deadline_timer aes xsave avx f16c rdrand lahf_lm abm epb tpr_shadow vnmi flexpriority ept vpid fsgsbase tsc_adjust bmi1 avx2 smep bmi2 erms invpcid xsaveopt dtherm ida arat pln pts
bugs		:
bogomips	: 4788.88
clflush size	: 64
cache_alignment	: 64
address sizes	: 39 bits physical, 48 bits virtual
power management:



Memory: 4k page, physical 16312712k(2700964k free), swap 16657404k(16657404k free)

vm_info: OpenJDK 64-Bit Server VM (25.151-b12) for linux-amd64 JRE (1.8.0_151-8u151-b12-0ubuntu0.16.04.2-b12), built on Oct 27 2017 21:59:02 by "buildd" with gcc 5.4.0 20160609

time: Wed Jan 17 19:15:13 2018
elapsed time: 27 seconds (0d 0h 0m 27s)

