2018-02-08 17:11:40,962 - Log4JLogChute initialized using file 'velocity.log'
2018-02-08 17:11:40,962 - Initializing Velocity, Calling init()...
2018-02-08 17:11:40,962 - Starting Apache Velocity v1.7 (compiled: 2010-11-19 12:14:37)
2018-02-08 17:11:40,962 - Default Properties File: org/apache/velocity/runtime/defaults/velocity.properties
2018-02-08 17:11:40,962 - Trying to use logger class org.apache.velocity.runtime.log.AvalonLogChute
2018-02-08 17:11:40,962 - Target log system for org.apache.velocity.runtime.log.AvalonLogChute is not available (java.lang.NoClassDefFoundError: org/apache/log/format/Formatter).  Falling back to next log system...
2018-02-08 17:11:40,962 - Trying to use logger class org.apache.velocity.runtime.log.Log4JLogChute
2018-02-08 17:11:40,962 - Using logger class org.apache.velocity.runtime.log.Log4JLogChute
2018-02-08 17:11:40,965 - ResourceLoader instantiated: org.apache.velocity.runtime.resource.loader.ClasspathResourceLoader
2018-02-08 17:11:40,973 - ResourceCache: initialized (class org.apache.velocity.runtime.resource.ResourceCacheImpl) with class java.util.Collections$SynchronizedMap cache map.
2018-02-08 17:11:40,974 - Loaded System Directive: org.apache.velocity.runtime.directive.Stop
2018-02-08 17:11:40,974 - Loaded System Directive: org.apache.velocity.runtime.directive.Define
2018-02-08 17:11:40,975 - Loaded System Directive: org.apache.velocity.runtime.directive.Break
2018-02-08 17:11:40,975 - Loaded System Directive: org.apache.velocity.runtime.directive.Evaluate
2018-02-08 17:11:40,976 - Loaded System Directive: org.apache.velocity.runtime.directive.Literal
2018-02-08 17:11:40,976 - Loaded System Directive: org.apache.velocity.runtime.directive.Macro
2018-02-08 17:11:40,977 - Loaded System Directive: org.apache.velocity.runtime.directive.Parse
2018-02-08 17:11:40,979 - Loaded System Directive: org.apache.velocity.runtime.directive.Include
2018-02-08 17:11:40,980 - Loaded System Directive: org.apache.velocity.runtime.directive.Foreach
2018-02-08 17:11:41,006 - Created '20' parsers.
2018-02-08 17:11:41,011 - Velocimacro : "velocimacro.library" is not set.  Trying default library: VM_global_library.vm
2018-02-08 17:11:41,011 - Could not load resource 'VM_global_library.vm' from ResourceLoader org.apache.velocity.runtime.resource.loader.ClasspathResourceLoader: ClasspathResourceLoader Error: cannot find resource VM_global_library.vm
2018-02-08 17:11:41,011 - Velocimacro : Default library not found.
2018-02-08 17:11:41,011 - Velocimacro : allowInline = true : VMs can be defined inline in templates
2018-02-08 17:11:41,011 - Velocimacro : allowInlineToOverride = false : VMs defined inline may NOT replace previous VM definitions
2018-02-08 17:11:41,011 - Velocimacro : allowInlineLocal = false : VMs defined inline will be global in scope if allowed.
2018-02-08 17:11:41,011 - Velocimacro : autoload off : VM system will not automatically reload global library macros
2018-02-08 17:11:41,015 - ResourceManager : found /public/index.html with loader org.apache.velocity.runtime.resource.loader.ClasspathResourceLoader
2018-02-08 17:11:59,995 - Log4JLogChute initialized using file 'velocity.log'
2018-02-08 17:11:59,996 - Initializing Velocity, Calling init()...
2018-02-08 17:11:59,996 - Starting Apache Velocity v1.7 (compiled: 2010-11-19 12:14:37)
2018-02-08 17:11:59,996 - Default Properties File: org/apache/velocity/runtime/defaults/velocity.properties
2018-02-08 17:11:59,996 - Trying to use logger class org.apache.velocity.runtime.log.AvalonLogChute
2018-02-08 17:11:59,996 - Target log system for org.apache.velocity.runtime.log.AvalonLogChute is not available (java.lang.NoClassDefFoundError: org/apache/log/format/Formatter).  Falling back to next log system...
2018-02-08 17:11:59,996 - Trying to use logger class org.apache.velocity.runtime.log.Log4JLogChute
2018-02-08 17:11:59,996 - Using logger class org.apache.velocity.runtime.log.Log4JLogChute
2018-02-08 17:11:59,998 - ResourceLoader instantiated: org.apache.velocity.runtime.resource.loader.ClasspathResourceLoader
2018-02-08 17:12:00,005 - ResourceCache: initialized (class org.apache.velocity.runtime.resource.ResourceCacheImpl) with class java.util.Collections$SynchronizedMap cache map.
2018-02-08 17:12:00,006 - Loaded System Directive: org.apache.velocity.runtime.directive.Stop
2018-02-08 17:12:00,006 - Loaded System Directive: org.apache.velocity.runtime.directive.Define
2018-02-08 17:12:00,007 - Loaded System Directive: org.apache.velocity.runtime.directive.Break
2018-02-08 17:12:00,007 - Loaded System Directive: org.apache.velocity.runtime.directive.Evaluate
2018-02-08 17:12:00,007 - Loaded System Directive: org.apache.velocity.runtime.directive.Literal
2018-02-08 17:12:00,008 - Loaded System Directive: org.apache.velocity.runtime.directive.Macro
2018-02-08 17:12:00,008 - Loaded System Directive: org.apache.velocity.runtime.directive.Parse
2018-02-08 17:12:00,009 - Loaded System Directive: org.apache.velocity.runtime.directive.Include
2018-02-08 17:12:00,009 - Loaded System Directive: org.apache.velocity.runtime.directive.Foreach
2018-02-08 17:12:00,026 - Created '20' parsers.
2018-02-08 17:12:00,029 - Velocimacro : "velocimacro.library" is not set.  Trying default library: VM_global_library.vm
2018-02-08 17:12:00,029 - Could not load resource 'VM_global_library.vm' from ResourceLoader org.apache.velocity.runtime.resource.loader.ClasspathResourceLoader: ClasspathResourceLoader Error: cannot find resource VM_global_library.vm
2018-02-08 17:12:00,029 - Velocimacro : Default library not found.
2018-02-08 17:12:00,029 - Velocimacro : allowInline = true : VMs can be defined inline in templates
2018-02-08 17:12:00,029 - Velocimacro : allowInlineToOverride = false : VMs defined inline may NOT replace previous VM definitions
2018-02-08 17:12:00,029 - Velocimacro : allowInlineLocal = false : VMs defined inline will be global in scope if allowed.
2018-02-08 17:12:00,029 - Velocimacro : autoload off : VM system will not automatically reload global library macros
2018-02-08 17:12:00,033 - ResourceManager : found /public/Classlist.html with loader org.apache.velocity.runtime.resource.loader.ClasspathResourceLoader
